[debug] > Exec(early(addDefaultCommands), None, None)
[debug] > Exec(addDefaultCommands, None, None)
[debug] > Exec(early(initialize), None, None)
[debug] > Exec(initialize, None, None)
[debug] > Exec(boot, None, None)
[debug] > Exec(writeSbtVersion, None, None)
[debug] > Exec(reload, None, None)
[debug] > Exec(sbtStashOnFailure, None, None)
[debug] > Exec(onFailure loadFailed, None, None)
[debug] > Exec(loadp, None, None)
[info] welcome to sbt 1.9.8 (Oracle Corporation Java 17.0.1)
[debug] Load.defaultLoad until apply took 325.6438ms
[debug]           Load.loadUnit: plugins took 308.4751ms
[debug]           Load.loadUnit: defsScala took 0.9094ms
[debug] [Loading] Scanning directory C:\development\SimpleScala\project
[debug] [Loading] Found non-root projects 
[debug] [Loading] Done in C:\development\SimpleScala\project, returning: ()
[debug] deducing auto plugins based on known facts Set(Atom(sbt.plugins.CorePlugin)) and clauses Clauses(Clause(Atom(sbt.plugins.JvmPlugin),Set(Atom(sbt.plugins.IvyPlugin)))
[debug] Clause(Atom(sbt.ScriptedPlugin),Set(Atom(sbt.plugins.JvmPlugin)))
[debug] Clause(Atom(sbt.plugins.SbtPlugin),Set(Atom(sbt.ScriptedPlugin)))
[debug] Clause(Atom(sbt.plugins.SemanticdbPlugin),Set(Atom(sbt.plugins.JvmPlugin)))
[debug] Clause(Atom(sbt.plugins.JUnitXmlReportPlugin),Set(Atom(sbt.plugins.JvmPlugin)))
[debug] Clause(Atom(sbt.plugins.MiniDependencyTreePlugin),Set(Atom(sbt.plugins.JvmPlugin)))
[debug] Clause(Atom(sbt.plugins.CorePlugin),Set(Atom(sbt.plugins.IvyPlugin)))
[debug] Clause(Atom(sbt.plugins.IvyPlugin),Set(Atom(sbt.plugins.JvmPlugin)))
[debug] Clause(Atom(sbt.plugins.JvmPlugin),Set(Atom(sbt.plugins.SemanticdbPlugin)))
[debug] Clause(Atom(sbt.plugins.JvmPlugin),Set(Atom(sbt.plugins.JUnitXmlReportPlugin)))
[debug] Clause(Atom(sbt.plugins.CorePlugin),Set(Atom(sbt.plugins.Giter8TemplatePlugin)))
[debug] Clause(Atom(sbt.plugins.JvmPlugin),Set(Atom(sbt.plugins.MiniDependencyTreePlugin))))
[debug]   :: deduced result: Matched(sbt.plugins.CorePlugin,sbt.plugins.Giter8TemplatePlugin,sbt.plugins.IvyPlugin,sbt.plugins.JvmPlugin,sbt.plugins.MiniDependencyTreePlugin,sbt.plugins.JUnitXmlReportPlugin,sbt.plugins.SemanticdbPlugin)
[debug] Plugins.deducer#function took 65.0288 ms
[debug]               Load.resolveProject(simplescala-build) took 154.0203ms
[debug]             Load.loadTransitive: finalizeProject(Project(id simplescala-build, base: C:\development\SimpleScala\project, plugins: List(<none>))) took 283.2507ms
[debug] [Loading] Done in C:\development\SimpleScala\project, returning: (simplescala-build)
[debug]           Load.loadUnit: loadedProjectsRaw took 356.8899ms
[debug]           Load.loadUnit: cleanEvalClasses took 0.467ms
[debug]         Load.loadUnit(file:/C:/development/SimpleScala/project/, ...) took 730.0591ms
[debug]       Load.apply: load took 1263.1047ms
[debug]       Load.apply: resolveProjects took 13.4081ms
[debug]       Load.apply: finalTransforms took 110.8405ms
[debug]       Load.apply: config.delegates took 11.3583ms
[debug]       Load.apply: Def.make(settings)... took 813.4182ms
[debug]       Load.apply: structureIndex took 170.2522ms
[debug]       Load.apply: mkStreams took 1.9719ms
[info] loading project definition from C:\development\SimpleScala\project
[debug] Running task... Cancel: Signal, check cycles: false, forcegc: true
[debug]     Load.loadUnit: plugins took 5265.1538ms
[debug]     Load.loadUnit: defsScala took 0.0043ms
[debug] [Loading] Scanning directory C:\development\SimpleScala
[debug]       Load.loadUnit: mkEval took 9.7384ms
[debug] [Loading] Found root project root w/ remaining 
[debug] deducing auto plugins based on known facts Set(Atom(sbt.plugins.CorePlugin)) and clauses Clauses(Clause(Atom(sbt.plugins.JvmPlugin),Set(Atom(sbt.plugins.IvyPlugin)))
[debug] Clause(Atom(sbt.ScriptedPlugin),Set(Atom(sbt.plugins.JvmPlugin)))
[debug] Clause(Atom(sbt.plugins.SbtPlugin),Set(Atom(sbt.ScriptedPlugin)))
[debug] Clause(Atom(sbt.plugins.SemanticdbPlugin),Set(Atom(sbt.plugins.JvmPlugin)))
[debug] Clause(Atom(sbt.plugins.JUnitXmlReportPlugin),Set(Atom(sbt.plugins.JvmPlugin)))
[debug] Clause(Atom(sbt.plugins.MiniDependencyTreePlugin),Set(Atom(sbt.plugins.JvmPlugin)))
[debug] Clause(Atom(sbt.plugins.CorePlugin),Set(Atom(sbt.plugins.IvyPlugin)))
[debug] Clause(Atom(sbt.plugins.IvyPlugin),Set(Atom(sbt.plugins.JvmPlugin)))
[debug] Clause(Atom(sbt.plugins.JvmPlugin),Set(Atom(sbt.plugins.SemanticdbPlugin)))
[debug] Clause(Atom(sbt.plugins.JvmPlugin),Set(Atom(sbt.plugins.JUnitXmlReportPlugin)))
[debug] Clause(Atom(sbt.plugins.CorePlugin),Set(Atom(sbt.plugins.Giter8TemplatePlugin)))
[debug] Clause(Atom(sbt.plugins.JvmPlugin),Set(Atom(sbt.plugins.MiniDependencyTreePlugin))))
[debug]   :: deduced result: Matched(sbt.plugins.CorePlugin,sbt.plugins.Giter8TemplatePlugin,sbt.plugins.IvyPlugin,sbt.plugins.JvmPlugin,sbt.plugins.MiniDependencyTreePlugin,sbt.plugins.JUnitXmlReportPlugin,sbt.plugins.SemanticdbPlugin)
[debug] Plugins.deducer#function took 3.1644 ms
[info] loading settings for project root from build.sbt ...
[debug]         Load.resolveProject(root) took 6.1191ms
[debug]       Load.loadTransitive: finalizeProject(Project(id root, base: C:\development\SimpleScala, plugins: List(<none>))) took 11.4557ms
[debug] [Loading] Done in C:\development\SimpleScala, returning: (root)
[debug]     Load.loadUnit: loadedProjectsRaw took 5793.5586ms
[debug]     Load.loadUnit: cleanEvalClasses took 27.2817ms
[debug]   Load.loadUnit(file:/C:/development/SimpleScala/, ...) took 11088.4711ms
[debug] Load.apply: load took 11138.8419ms
[debug] Load.apply: resolveProjects took 0.2373ms
[debug] Load.apply: finalTransforms took 32.0864ms
[debug] Load.apply: config.delegates took 0.4454ms
[debug] Load.apply: Def.make(settings)... took 170.4978ms
[debug] Load.apply: structureIndex took 83.863ms
[debug] Load.apply: mkStreams took 0.0048ms
[info] set current project to SimpleScala (in build file:/C:/development/SimpleScala/)
[debug] > Exec(sbtPopOnFailure, None, None)
[debug] > Exec(resumeFromFailure, None, None)
[debug] > Exec(notifyUsersAboutShell, None, None)
[debug] > Exec(iflast shell, None, None)
[debug] > Exec(shell, None, None)
[info] sbt server started at local:sbt-server-63b4f7859481942bd2ff
[debug] Writing bsp connection file
